p/9.jpg 1 0 0 4480 6720
p/11.jpg 1 0 0 4800 4800
p/15.png 1 0 0 860 770
p/10.jpg 1 0 0 6000 4000
p/19.jpg 1 0 0 864 960
p/26.jpg 1 0 0 640 360
p/33.jpg 1 0 0 1600 900
p/45.jpg 1 0 0 910 1302
p/38.png 1 0 0 389 434
p/16.jpg 1 0 0 800 480
p/37.jpg 1 0 0 1024 717
p/18.png 1 0 0 940 466
p/5.jpg 1 0 0 640 360
p/12.jpg 1 0 0 3413 5119
p/7.jpg 1 0 0 612 408
p/27.jpg 1 0 0 2048 1357
p/40.jpg 1 0 0 700 467
p/30.jpg 1 0 0 800 1092
p/25.jpg 1 0 0 450 300
p/22.jpg 1 0 0 946 658
p/39.jpg 1 0 0 1200 800
p/36.jpg 1 0 0 570 537
p/13.jpg 1 0 0 700 466
p/4.jpeg 1 0 0 500 427
p/17.jpg 1 0 0 700 526